#
# A fatal error has been detected by the Java Runtime Environment:
#
#  SIGSEGV (0xb) at pc=0x000000010568199c, pid=12732, tid=0x0000000000001c03
#
# JRE version: OpenJDK Runtime Environment (8.0_242) (build 1.8.0_242-release-1644-b3-6222593)
# Java VM: OpenJDK 64-Bit Server VM (25.242-b3-6222593 mixed mode bsd-amd64 compressed oops)
# Problematic frame:
# V  [libjvm.dylib+0x48199c]  void PSParallelCompact::mark_and_push<unsigned int>(ParCompactionManager*, unsigned int*)+0x84
#
# Failed to write core dump. Core dumps have been disabled. To enable core dumping, try "ulimit -c unlimited" before starting Java again
#
# If you would like to submit a bug report, please visit:
#   http://bugreport.java.com/bugreport/crash.jsp
#

---------------  T H R E A D  ---------------

Current thread (0x00007f9a43811800):  GCTaskThread [stack: 0x0000700002591000,0x0000700002691000] [id=7171]

siginfo: si_signo: 11 (SIGSEGV), si_code: 1 (SEGV_MAPERR), si_addr: 0x0000000000000070

Registers:
RAX=0x0000000105a112d8, RBX=0x0000000740877a20, RCX=0x0000000000004303, RDX=0x000000000010ef01
RSP=0x0000700002690be0, RBP=0x0000700002690c00, RSI=0x00000007b326d910, RDI=0x0000000000000068
R8 =0x0000000000000e64, R9 =0x0000000105a21ffb, R10=0x000000011997cb60, R11=0x0000000100000000
R12=0x00007f9a435048c0, R13=0x00000007c0400970, R14=0x00007f9a435048c0, R15=0x00000007b326d900
RIP=0x000000010568199c, EFLAGS=0x0000000000010202, ERR=0x0000000000000004
  TRAPNO=0x000000000000000e

Top of Stack: (sp=0x0000700002690be0)
0x0000700002690be0:   1200000125200000 00000007b326d910
0x0000700002690bf0:   00000007b326d914 00000007b326d900
0x0000700002690c00:   0000700002690c50 0000000105497b33
0x0000700002690c10:   00007f9a435048c0 000000074029a218
0x0000700002690c20:   00000007c0400978 00007f9a43504900
0x0000700002690c30:   00007f9a43417b50 00007f9a435048c0
0x0000700002690c40:   0000000105a112d8 00007f9a435048c8
0x0000700002690c50:   0000700002690d00 000000010568f904
0x0000700002690c60:   00000007b326d900 0000000000000000
0x0000700002690c70:   0000006002690c00 00007f9a43504948
0x0000700002690c80:   00007f9a43416b01 0000000105a21f01
0x0000700002690c90:   0000700005d88a48 00007f9a43504900
0x0000700002690ca0:   00007f9a43504980 0000000100000000
0x0000700002690cb0:   0000700005d88ab0 0000700005d88a48
0x0000700002690cc0:   0000700002690d90 0000700002690d58
0x0000700002690cd0:   00007f9a43811800 00007f9a435048c0
0x0000700002690ce0:   00007f9a43417b50 00000001057cd8cd
0x0000700002690cf0:   00007f9a43417b50 0000000000000001
0x0000700002690d00:   0000700002690dc0 0000000105680bfc
0x0000700002690d10:   00007f9a436053f8 00007f9a434136e0
0x0000700002690d20:   00007f9a434161a0 00007f9a434161b0
0x0000700002690d30:   00007f9a43416588 00000000000003d8
0x0000700002690d40:   00000001059f8378 00000001057abf00
0x0000700002690d50:   00007f9a435048c0 00000001059f10c8
0x0000700002690d60:   0000700002690d00 0000700002690d40
0x0000700002690d70:   00000001059f10b0 00007f9a43605300
0x0000700002690d80:   0000700002690d40 0000000000000001
0x0000700002690d90:   00000001059f1128 0000000105459100
0x0000700002690da0:   0000700002690d40 00007f9a43605400
0x0000700002690db0:   00007f9a43811800 0000000000000000
0x0000700002690dc0:   0000700002690ea0 000000010545a011
0x0000700002690dd0:   0000000105a22100 00007f9a43811800 

Instructions: (pc=0x000000010568199c)
0x000000010568197c:   00 8a 10 84 d2 74 15 8b 7b 08 48 8d 05 4b f9 38
0x000000010568198c:   00 8a 48 08 48 d3 e7 48 03 38 eb 04 48 8b 7b 08
0x000000010568199c:   8b 47 08 85 c0 7e 09 a8 01 75 09 c1 e8 03 eb 45
0x00000001056819ac:   85 c0 78 0e 48 8b 07 48 89 de ff 90 e8 00 00 00 

Register to memory mapping:

RAX=0x0000000105a112d8: _ZN8Universe13_narrow_klassE+0 in /Applications/Android Studio.app/Contents/jre/jdk/Contents/Home/jre/lib/server/libjvm.dylib at 0x0000000105200000
RBX=0x0000000740877a20 is pointing into object: 0x0000000740877a08
[C 
 - klass: {type array char}
 - length: 6
RCX=0x0000000000004303 is an unknown value
RDX=0x000000000010ef01 is an unknown value
RSP=0x0000700002690be0 is an unknown value
RBP=0x0000700002690c00 is an unknown value
RSI=0x00000007b326d910 is an oop

[error occurred during error reporting (printing register info), id 0xb]

Stack: [0x0000700002591000,0x0000700002691000],  sp=0x0000700002690be0,  free space=1022k
Native frames: (J=compiled Java code, j=interpreted, Vv=VM code, C=native code)
V  [libjvm.dylib+0x48199c]  void PSParallelCompact::mark_and_push<unsigned int>(ParCompactionManager*, unsigned int*)+0x84
V  [libjvm.dylib+0x297b33]  InstanceKlass::oop_follow_contents(ParCompactionManager*, oopDesc*)+0xbf
V  [libjvm.dylib+0x48f904]  ParCompactionManager::follow_marking_stacks()+0xd6
V  [libjvm.dylib+0x480bfc]  ThreadRootsMarkingTask::do_it(GCTaskManager*, unsigned int)+0xf8
V  [libjvm.dylib+0x25a011]  GCTaskThread::run()+0x12d
V  [libjvm.dylib+0x45b9eb]  java_start(Thread*)+0xfa
C  [libsystem_pthread.dylib+0x3661]  _pthread_body+0x154
C  [libsystem_pthread.dylib+0x350d]  _pthread_body+0x0
C  [libsystem_pthread.dylib+0x2bf9]  thread_start+0xd


---------------  P R O C E S S  ---------------

Java Threads: ( => current thread )
  0x00007f9a441aa800 JavaThread "process reaper" daemon [_thread_in_native, id=32259, stack(0x0000700005d61000,0x0000700005d89000)]
  0x00007f9a4847b000 JavaThread "stdout" [_thread_in_native, id=32515, stack(0x0000700005c5e000,0x0000700005d5e000)]
  0x00007f9a4847a000 JavaThread "stderr" [_thread_in_native, id=31235, stack(0x0000700005b5b000,0x0000700005c5b000)]
  0x00007f9a456cf000 JavaThread "process reaper" daemon [_thread_in_native, id=33283, stack(0x0000700005b30000,0x0000700005b58000)]
  0x00007f9a48c84800 JavaThread "stdout" [_thread_in_native, id=30979, stack(0x0000700005a2d000,0x0000700005b2d000)]
  0x00007f9a48478800 JavaThread "stderr" [_thread_in_native, id=30723, stack(0x000070000592a000,0x0000700005a2a000)]
  0x00007f9a48478000 JavaThread "process reaper" daemon [_thread_in_native, id=30467, stack(0x000070000235e000,0x0000700002386000)]
  0x00007f9a48926000 JavaThread "WorkerExecutor Queue Thread 4" [_thread_blocked, id=34307, stack(0x0000700005827000,0x0000700005927000)]
  0x00007f9a48925000 JavaThread "WorkerExecutor Queue Thread 3" [_thread_blocked, id=29955, stack(0x0000700005724000,0x0000700005824000)]
  0x00007f9a4a479800 JavaThread "WorkerExecutor Queue Thread 2" [_thread_blocked, id=34819, stack(0x0000700005621000,0x0000700005721000)]
  0x00007f9a49684800 JavaThread "WorkerExecutor Queue" [_thread_blocked, id=29187, stack(0x000070000551e000,0x000070000561e000)]
  0x00007f9a4a5cb800 JavaThread "stdout" [_thread_in_native, id=28931, stack(0x000070000541b000,0x000070000551b000)]
  0x00007f9a47ac0000 JavaThread "stderr" [_thread_in_native, id=28419, stack(0x0000700005318000,0x0000700005418000)]
  0x00007f9a46673800 JavaThread "process reaper" daemon [_thread_in_native, id=35331, stack(0x0000700002333000,0x000070000235b000)]
  0x00007f9a44e69800 JavaThread "stdout" [_thread_in_native, id=35587, stack(0x0000700005215000,0x0000700005315000)]
  0x00007f9a45686000 JavaThread "stderr" [_thread_in_native, id=27395, stack(0x0000700005112000,0x0000700005212000)]
  0x00007f9a44e43800 JavaThread "process reaper" daemon [_thread_in_native, id=35843, stack(0x0000700002308000,0x0000700002330000)]
  0x00007f9a488c8800 JavaThread "pool-11-thread-1" [_thread_blocked, id=36383, stack(0x000070000500f000,0x000070000510f000)]
  0x00007f9a4561c000 JavaThread "Cache worker for execution history cache (/Users/ricardosousa/AndroidStudioProjects/Estudos/Dmotta/NYBooks/.gradle/5.6.4/executionHistory)" [_thread_blocked, id=26627, stack(0x0000700004f0c000,0x000070000500c000)]
  0x00007f9a45213800 JavaThread "Execution worker for ':' Thread 3" [_thread_blocked, id=26371, stack(0x0000700004e09000,0x0000700004f09000)]
  0x00007f9a48d0f000 JavaThread "Execution worker for ':' Thread 2" [_thread_blocked, id=26115, stack(0x0000700004d06000,0x0000700004e06000)]
  0x00007f9a439c6800 JavaThread "Execution worker for ':'" [_thread_blocked, id=37379, stack(0x0000700004c03000,0x0000700004d03000)]
  0x00007f9a48a97000 JavaThread "Cache worker for file content cache (/Users/ricardosousa/AndroidStudioProjects/Estudos/Dmotta/NYBooks/.gradle/5.6.4/fileContent)" [_thread_blocked, id=37891, stack(0x0000700004b00000,0x0000700004c00000)]
  0x00007f9a447d9800 JavaThread "Cache worker for file content cache (/Users/ricardosousa/.gradle/caches/5.6.4/fileContent)" [_thread_blocked, id=38147, stack(0x00007000049fd000,0x0000700004afd000)]
  0x00007f9a44a27800 JavaThread "Cache worker for Build Output Cleanup Cache (/Users/ricardosousa/AndroidStudioProjects/Estudos/Dmotta/NYBooks/.gradle/buildOutputCleanup)" [_thread_blocked, id=42503, stack(0x00007000047f7000,0x00007000048f7000)]
  0x00007f9a47fb0000 JavaThread "pool-3-thread-1" [_thread_blocked, id=38919, stack(0x00007000046f4000,0x00007000047f4000)]
  0x00007f9a457eb000 JavaThread "Build operations Thread 4" [_thread_blocked, id=4107, stack(0x00007000045f1000,0x00007000046f1000)]
  0x00007f9a47d3e000 JavaThread "Build operations Thread 3" [_thread_blocked, id=18447, stack(0x00007000044ee000,0x00007000045ee000)]
  0x00007f9a4497d000 JavaThread "Build operations Thread 2" [_thread_blocked, id=41735, stack(0x00007000043eb000,0x00007000044eb000)]
  0x00007f9a445b0000 JavaThread "Build operations" [_thread_blocked, id=25095, stack(0x00007000042e8000,0x00007000043e8000)]
  0x00007f9a44af1800 JavaThread "Cache worker for cache directory md-rule (/Users/ricardosousa/.gradle/caches/5.6.4/md-rule)" [_thread_blocked, id=25351, stack(0x00007000040e2000,0x00007000041e2000)]
  0x00007f9a48d10000 JavaThread "Cache worker for cache directory md-supplier (/Users/ricardosousa/.gradle/caches/5.6.4/md-supplier)" [_thread_blocked, id=40711, stack(0x0000700003fdf000,0x00007000040df000)]
  0x00007f9a485b1000 JavaThread "Cache worker for file hash cache (/Users/ricardosousa/AndroidStudioProjects/Estudos/Dmotta/NYBooks/.gradle/5.6.4/fileHashes)" [_thread_blocked, id=39943, stack(0x0000700003edc000,0x0000700003fdc000)]
  0x00007f9a47ca3800 JavaThread "Thread-26" [_thread_blocked, id=42247, stack(0x0000700003ad0000,0x0000700003bd0000)]
  0x00007f9a47eda000 JavaThread "Stdin handler" [_thread_blocked, id=43015, stack(0x00007000039cd000,0x0000700003acd000)]
  0x00007f9a43f1d000 JavaThread "Asynchronous log dispatcher for DefaultDaemonConnection: socket connection from /127.0.0.1:53481 to /127.0.0.1:53534" [_thread_blocked, id=43271, stack(0x00007000038ca000,0x00007000039ca000)]
  0x00007f9a45134800 JavaThread "Cancel handler" [_thread_blocked, id=39431, stack(0x00007000036c4000,0x00007000037c4000)]
  0x00007f9a43e7e000 JavaThread "Handler for socket connection from /127.0.0.1:53481 to /127.0.0.1:53534" [_thread_in_native, id=15111, stack(0x00007000035c1000,0x00007000036c1000)]
  0x00007f9a478ec800 JavaThread "Memory manager" [_thread_blocked, id=38403, stack(0x00007000048fa000,0x00007000049fa000)]
  0x00007f9a43ae0800 JavaThread "Cache worker for execution history cache (/Users/ricardosousa/.gradle/caches/5.6.4/executionHistory)" [_thread_blocked, id=41475, stack(0x00007000041e5000,0x00007000042e5000)]
  0x00007f9a45124800 JavaThread "Cache worker for journal cache (/Users/ricardosousa/.gradle/caches/journal-1)" [_thread_blocked, id=24067, stack(0x0000700003dd9000,0x0000700003ed9000)]
  0x00007f9a45124000 JavaThread "File lock request listener" [_thread_in_native, id=23555, stack(0x0000700003cd6000,0x0000700003dd6000)]
  0x00007f9a44969000 JavaThread "Cache worker for file hash cache (/Users/ricardosousa/.gradle/caches/5.6.4/fileHashes)" [_thread_blocked, id=23043, stack(0x0000700003bd3000,0x0000700003cd3000)]
  0x00007f9a439b8000 JavaThread "Daemon worker" [_thread_blocked, id=22275, stack(0x00007000037c7000,0x00007000038c7000)]
  0x00007f9a4499b800 JavaThread "Daemon" [_thread_blocked, id=15363, stack(0x00007000034be000,0x00007000035be000)]
  0x00007f9a4494b800 JavaThread "Daemon periodic checks" [_thread_blocked, id=15619, stack(0x00007000033bb000,0x00007000034bb000)]
  0x00007f9a4541a000 JavaThread "Incoming local TCP Connector on port 53481" [_thread_in_native, id=16131, stack(0x00007000032b8000,0x00007000033b8000)]
  0x00007f9a45419800 JavaThread "Daemon health stats" [_thread_blocked, id=16387, stack(0x00007000031b5000,0x00007000032b5000)]
  0x00007f9a45007000 JavaThread "Service Thread" daemon [_thread_blocked, id=14083, stack(0x0000700002faf000,0x00007000030af000)]
  0x00007f9a44822800 JavaThread "C1 CompilerThread2" daemon [_thread_blocked, id=13571, stack(0x0000700002eac000,0x0000700002fac000)]
  0x00007f9a44820800 JavaThread "C2 CompilerThread1" daemon [_thread_blocked, id=13059, stack(0x0000700002da9000,0x0000700002ea9000)]
  0x00007f9a44820000 JavaThread "C2 CompilerThread0" daemon [_thread_blocked, id=12547, stack(0x0000700002ca6000,0x0000700002da6000)]
  0x00007f9a4383c000 JavaThread "Signal Dispatcher" daemon [_thread_blocked, id=17411, stack(0x0000700002ba3000,0x0000700002ca3000)]
  0x00007f9a4481b000 JavaThread "Finalizer" daemon [_thread_blocked, id=19971, stack(0x0000700002aa0000,0x0000700002ba0000)]
  0x00007f9a4381b000 JavaThread "Reference Handler" daemon [_thread_blocked, id=20483, stack(0x000070000299d000,0x0000700002a9d000)]
  0x00007f9a43808800 JavaThread "main" [_thread_blocked, id=6147, stack(0x000070000238b000,0x000070000248b000)]

Other Threads:
  0x00007f9a4401f800 VMThread [stack: 0x000070000289a000,0x000070000299a000] [id=11011]
  0x00007f9a43879800 WatcherThread [stack: 0x00007000030b2000,0x00007000031b2000] [id=16899]

=>0x00007f9a43811800 (exited) GCTaskThread [stack: 0x0000700002591000,0x0000700002691000] [id=7171]

VM state:at safepoint (normal execution)

VM Mutex/Monitor currently owned by a thread:  ([mutex/lock_event])
[0x00007f9a43410c90] Threads_lock - owner thread: 0x00007f9a4401f800
[0x00007f9a43411190] Heap_lock - owner thread: 0x00007f9a45213800

heap address: 0x0000000740000000, size: 2048 MB, Compressed Oops mode: Zero based, Oop shift amount: 3
Narrow klass base: 0x0000000000000000, Narrow klass shift: 3
Compressed class space size: 1073741824 Address: 0x00000007c0000000

Heap:
 PSYoungGen      total 538624K, used 19894K [0x0000000795580000, 0x00000007bfc00000, 0x00000007c0000000)
  eden space 479744K, 0% used [0x0000000795580000,0x0000000795580000,0x00000007b2a00000)
  from space 58880K, 33% used [0x00000007b2a00000,0x00000007b3d6da08,0x00000007b6380000)
  to   space 56320K, 0% used [0x00000007bc500000,0x00000007bc500000,0x00000007bfc00000)
 ParOldGen       total 151552K, used 91420K [0x0000000740000000, 0x0000000749400000, 0x0000000795580000)
  object space 151552K, 60% used [0x0000000740000000,0x00000007459471f8,0x0000000749400000)
 Metaspace       used 94493K, capacity 98434K, committed 98560K, reserved 1134592K
  class space    used 12151K, capacity 12932K, committed 13056K, reserved 1048576K

Card table byte_map: [0x0000000115607000,0x0000000115a08000] byte_map_base: 0x0000000111c07000

Marking Bits: (ParMarkBitMap*) 0x0000000105a273f8
 Begin Bits: [0x0000000115cb3000, 0x0000000117cb3000)
 End Bits:   [0x0000000117cb3000, 0x0000000119cb3000)

Polling page: 0x00000001049d3000

CodeCache: size=245760Kb used=42957Kb max_used=42964Kb free=202802Kb
 bounds [0x0000000106607000, 0x0000000109037000, 0x0000000115607000]
 total_blobs=14261 nmethods=13337 adapters=837
 compilation: enabled

Compilation events (10 events):
Event: 111.825 Thread 0x00007f9a44820800 nmethod 15831 0x0000000109020d10 code [0x0000000109020f00, 0x0000000109021908]
Event: 111.827 Thread 0x00007f9a44820800 15837       4       java.lang.StringBuilder::append (8 bytes)
Event: 111.841 Thread 0x00007f9a44820800 nmethod 15837 0x0000000109026f50 code [0x00000001090270c0, 0x0000000109027548]
Event: 111.846 Thread 0x00007f9a44820000 nmethod 15822 0x000000010902add0 code [0x000000010902b180, 0x000000010902ce50]
Event: 111.846 Thread 0x00007f9a44820800 15838       4       java.lang.ClassLoader::compareCerts (149 bytes)
Event: 111.852 Thread 0x00007f9a44820800 nmethod 15838 0x0000000109024dd0 code [0x0000000109024f40, 0x0000000109025298]
Event: 111.869 Thread 0x00007f9a44820000 15839       4       java.util.concurrent.locks.ReentrantLock::lockInterruptibly (9 bytes)
Event: 111.881 Thread 0x00007f9a44820800 15840       4       com.google.common.collect.MapMakerInternalMap$Segment::getEntry (80 bytes)
Event: 111.892 Thread 0x00007f9a44820800 nmethod 15840 0x0000000109028750 code [0x0000000109028900, 0x0000000109028d88]
Event: 111.898 Thread 0x00007f9a44820000 nmethod 15839 0x0000000109025cd0 code [0x0000000109025ec0, 0x0000000109026770]

GC Heap History (10 events):
Event: 67.612 GC heap after
Heap after GC invocations=20 (full 3):
 PSYoungGen      total 363520K, used 34292K [0x0000000795580000, 0x00000007b3300000, 0x00000007c0000000)
  eden space 329216K, 0% used [0x0000000795580000,0x0000000795580000,0x00000007a9700000)
  from space 34304K, 99% used [0x00000007a9700000,0x00000007ab87d390,0x00000007ab880000)
  to   space 46080K, 0% used [0x00000007b0600000,0x00000007b0600000,0x00000007b3300000)
 ParOldGen       total 151552K, used 62914K [0x0000000740000000, 0x0000000749400000, 0x0000000795580000)
  object space 151552K, 41% used [0x0000000740000000,0x0000000743d708c8,0x0000000749400000)
 Metaspace       used 85799K, capacity 89350K, committed 89600K, reserved 1126400K
  class space    used 11257K, capacity 11926K, committed 12032K, reserved 1048576K
}
Event: 100.638 GC heap before
{Heap before GC invocations=21 (full 3):
 PSYoungGen      total 363520K, used 363508K [0x0000000795580000, 0x00000007b3300000, 0x00000007c0000000)
  eden space 329216K, 100% used [0x0000000795580000,0x00000007a9700000,0x00000007a9700000)
  from space 34304K, 99% used [0x00000007a9700000,0x00000007ab87d390,0x00000007ab880000)
  to   space 46080K, 0% used [0x00000007b0600000,0x00000007b0600000,0x00000007b3300000)
 ParOldGen       total 151552K, used 62914K [0x0000000740000000, 0x0000000749400000, 0x0000000795580000)
  object space 151552K, 41% used [0x0000000740000000,0x0000000743d708c8,0x0000000749400000)
 Metaspace       used 90090K, capacity 93956K, committed 94080K, reserved 1130496K
  class space    used 11634K, capacity 12361K, committed 12416K, reserved 1048576K
Event: 100.919 GC heap after
Heap after GC invocations=21 (full 3):
 PSYoungGen      total 433152K, used 46065K [0x0000000795580000, 0x00000007b4080000, 0x00000007c0000000)
  eden space 387072K, 0% used [0x0000000795580000,0x0000000795580000,0x00000007acf80000)
  from space 46080K, 99% used [0x00000007b0600000,0x00000007b32fc650,0x00000007b3300000)
  to   space 55808K, 0% used [0x00000007acf80000,0x00000007acf80000,0x00000007b0600000)
 ParOldGen       total 151552K, used 69963K [0x0000000740000000, 0x0000000749400000, 0x0000000795580000)
  object space 151552K, 46% used [0x0000000740000000,0x0000000744452f00,0x0000000749400000)
 Metaspace       used 90090K, capacity 93956K, committed 94080K, reserved 1130496K
  class space    used 11634K, capacity 12361K, committed 12416K, reserved 1048576K
}
Event: 102.224 GC heap before
{Heap before GC invocations=22 (full 3):
 PSYoungGen      total 433152K, used 433137K [0x0000000795580000, 0x00000007b4080000, 0x00000007c0000000)
  eden space 387072K, 100% used [0x0000000795580000,0x00000007acf80000,0x00000007acf80000)
  from space 46080K, 99% used [0x00000007b0600000,0x00000007b32fc650,0x00000007b3300000)
  to   space 55808K, 0% used [0x00000007acf80000,0x00000007acf80000,0x00000007b0600000)
 ParOldGen       total 151552K, used 69966K [0x0000000740000000, 0x0000000749400000, 0x0000000795580000)
  object space 151552K, 46% used [0x0000000740000000,0x0000000744453b80,0x0000000749400000)
 Metaspace       used 90198K, capacity 94032K, committed 94336K, reserved 1130496K
  class space    used 11637K, capacity 12363K, committed 12416K, reserved 1048576K
Event: 102.310 GC heap after
Heap after GC invocations=22 (full 3):
 PSYoungGen      total 442880K, used 48351K [0x0000000795580000, 0x00000007ba100000, 0x00000007c0000000)
  eden space 387072K, 0% used [0x0000000795580000,0x0000000795580000,0x00000007acf80000)
  from space 55808K, 86% used [0x00000007acf80000,0x00000007afeb7ec8,0x00000007b0600000)
  to   space 61952K, 0% used [0x00000007b6480000,0x00000007b6480000,0x00000007ba100000)
 ParOldGen       total 151552K, used 69974K [0x0000000740000000, 0x0000000749400000, 0x0000000795580000)
  object space 151552K, 46% used [0x0000000740000000,0x0000000744455b80,0x0000000749400000)
 Metaspace       used 90198K, capacity 94032K, committed 94336K, reserved 1130496K
  class space    used 11637K, capacity 12363K, committed 12416K, reserved 1048576K
}
Event: 106.335 GC heap before
{Heap before GC invocations=23 (full 3):
 PSYoungGen      total 442880K, used 435423K [0x0000000795580000, 0x00000007ba100000, 0x00000007c0000000)
  eden space 387072K, 100% used [0x0000000795580000,0x00000007acf80000,0x00000007acf80000)
  from space 55808K, 86% used [0x00000007acf80000,0x00000007afeb7ec8,0x00000007b0600000)
  to   space 61952K, 0% used [0x00000007b6480000,0x00000007b6480000,0x00000007ba100000)
 ParOldGen       total 151552K, used 69974K [0x0000000740000000, 0x0000000749400000, 0x0000000795580000)
  object space 151552K, 46% used [0x0000000740000000,0x0000000744455b80,0x0000000749400000)
 Metaspace       used 92307K, capacity 96188K, committed 96384K, reserved 1132544K
  class space    used 11858K, capacity 12625K, committed 12672K, reserved 1048576K
Event: 106.488 GC heap after
Heap after GC invocations=23 (full 3):
 PSYoungGen      total 537600K, used 21155K [0x0000000795580000, 0x00000007b9d00000, 0x00000007c0000000)
  eden space 479744K, 0% used [0x0000000795580000,0x0000000795580000,0x00000007b2a00000)
  from space 57856K, 36% used [0x00000007b6480000,0x00000007b7928da0,0x00000007b9d00000)
  to   space 58880K, 0% used [0x00000007b2a00000,0x00000007b2a00000,0x00000007b6380000)
 ParOldGen       total 151552K, used 84199K [0x0000000740000000, 0x0000000749400000, 0x0000000795580000)
  object space 151552K, 55% used [0x0000000740000000,0x0000000745239e58,0x0000000749400000)
 Metaspace       used 92307K, capacity 96188K, committed 96384K, reserved 1132544K
  class space    used 11858K, capacity 12625K, committed 12672K, reserved 1048576K
}
Event: 112.826 GC heap before
{Heap before GC invocations=24 (full 3):
 PSYoungGen      total 537600K, used 254342K [0x0000000795580000, 0x00000007b9d00000, 0x00000007c0000000)
  eden space 479744K, 48% used [0x0000000795580000,0x00000007a3938d20,0x00000007b2a00000)
  from space 57856K, 36% used [0x00000007b6480000,0x00000007b7928da0,0x00000007b9d00000)
  to   space 58880K, 0% used [0x00000007b2a00000,0x00000007b2a00000,0x00000007b6380000)
 ParOldGen       total 151552K, used 84199K [0x0000000740000000, 0x0000000749400000, 0x0000000795580000)
  object space 151552K, 55% used [0x0000000740000000,0x0000000745239e58,0x0000000749400000)
 Metaspace       used 94493K, capacity 98434K, committed 98560K, reserved 1134592K
  class space    used 12151K, capacity 12932K, committed 13056K, reserved 1048576K
Event: 112.902 GC heap after
Heap after GC invocations=24 (full 3):
 PSYoungGen      total 538624K, used 19894K [0x0000000795580000, 0x00000007bfc00000, 0x00000007c0000000)
  eden space 479744K, 0% used [0x0000000795580000,0x0000000795580000,0x00000007b2a00000)
  from space 58880K, 33% used [0x00000007b2a00000,0x00000007b3d6da08,0x00000007b6380000)
  to   space 56320K, 0% used [0x00000007bc500000,0x00000007bc500000,0x00000007bfc00000)
 ParOldGen       total 151552K, used 91420K [0x0000000740000000, 0x0000000749400000, 0x0000000795580000)
  object space 151552K, 60% used [0x0000000740000000,0x00000007459471f8,0x0000000749400000)
 Metaspace       used 94493K, capacity 98434K, committed 98560K, reserved 1134592K
  class space    used 12151K, capacity 12932K, committed 13056K, reserved 1048576K
}
Event: 112.903 GC heap before
{Heap before GC invocations=25 (full 4):
 PSYoungGen      total 538624K, used 19894K [0x0000000795580000, 0x00000007bfc00000, 0x00000007c0000000)
  eden space 479744K, 0% used [0x0000000795580000,0x0000000795580000,0x00000007b2a00000)
  from space 58880K, 33% used [0x00000007b2a00000,0x00000007b3d6da08,0x00000007b6380000)
  to   space 56320K, 0% used [0x00000007bc500000,0x00000007bc500000,0x00000007bfc00000)
 ParOldGen       total 151552K, used 91420K [0x0000000740000000, 0x0000000749400000, 0x0000000795580000)
  object space 151552K, 60% used [0x0000000740000000,0x00000007459471f8,0x0000000749400000)
 Metaspace       used 94493K, capacity 98434K, committed 98560K, reserved 1134592K
  class space    used 12151K, capacity 12932K, committed 13056K, reserved 1048576K

Deoptimization events (10 events):
Event: 109.718 Thread 0x00007f9a49684800 Uncommon trap: reason=class_check action=maybe_recompile pc=0x00000001088d2aac method=java.util.zip.DeflaterOutputStream.deflate()V @ 32
Event: 109.718 Thread 0x00007f9a49684800 Uncommon trap: reason=class_check action=maybe_recompile pc=0x00000001088d2aac method=java.util.zip.DeflaterOutputStream.deflate()V @ 32
Event: 109.730 Thread 0x00007f9a49684800 Uncommon trap: reason=unstable_if action=reinterpret pc=0x0000000108e7f13c method=org.objectweb.asm.MethodWriter.visitLdcInsn(Ljava/lang/Object;)V @ 144
Event: 109.977 Thread 0x00007f9a45213800 Uncommon trap: reason=predicate action=maybe_recompile pc=0x0000000106af2070 method=com.google.common.base.CharMatcher.indexIn(Ljava/lang/CharSequence;I)I @ 22
Event: 111.711 Thread 0x00007f9a45213800 Uncommon trap: reason=unstable_if action=reinterpret pc=0x00000001084193b8 method=java.lang.String.regionMatches(ZILjava/lang/String;II)Z @ 102
Event: 111.920 Thread 0x00007f9a45213800 Uncommon trap: reason=unstable_if action=reinterpret pc=0x00000001071d0bfc method=java.util.regex.Pattern.range(Ljava/util/regex/Pattern$BitClass;)Ljava/util/regex/Pattern$CharProperty; @ 168
Event: 112.776 Thread 0x00007f9a45213800 Uncommon trap: reason=class_check action=maybe_recompile pc=0x0000000106dffab0 method=java.io.DataOutputStream.write(I)V @ 5
Event: 112.776 Thread 0x00007f9a45213800 Uncommon trap: reason=class_check action=maybe_recompile pc=0x0000000106dffab0 method=java.io.DataOutputStream.write(I)V @ 5
Event: 112.776 Thread 0x00007f9a45213800 Uncommon trap: reason=class_check action=maybe_recompile pc=0x0000000106dffab0 method=java.io.DataOutputStream.write(I)V @ 5
Event: 112.776 Thread 0x00007f9a45213800 Uncommon trap: reason=class_check action=maybe_recompile pc=0x0000000106dffab0 method=java.io.DataOutputStream.write(I)V @ 5

Classes redefined (0 events):
No events

Internal exceptions (10 events):
Event: 107.100 Thread 0x00007f9a45213800 Exception <a 'java/lang/NoSuchMethodError': <clinit>> (0x0000000796bf3af0) thrown at [/Volumes/Android/buildbot/src/googleplex-android/openjdk/out/hotspot/src/share/vm/prims/jni.cpp, line 1615]
Event: 107.100 Thread 0x00007f9a45213800 Exception <a 'java/lang/NoSuchMethodError': <clinit>> (0x0000000796bf4e10) thrown at [/Volumes/Android/buildbot/src/googleplex-android/openjdk/out/hotspot/src/share/vm/prims/jni.cpp, line 1615]
Event: 107.682 Thread 0x00007f9a45213800 Exception <a 'java/lang/NoSuchMethodError': <clinit>> (0x00000007977cad38) thrown at [/Volumes/Android/buildbot/src/googleplex-android/openjdk/out/hotspot/src/share/vm/prims/jni.cpp, line 1615]
Event: 107.722 Thread 0x00007f9a45213800 Exception <a 'java/lang/NoSuchMethodError': <clinit>> (0x00000007977e8450) thrown at [/Volumes/Android/buildbot/src/googleplex-android/openjdk/out/hotspot/src/share/vm/prims/jni.cpp, line 1615]
Event: 107.728 Thread 0x00007f9a45213800 Exception <a 'java/lang/NoSuchMethodError': <clinit>> (0x000000079780a7a0) thrown at [/Volumes/Android/buildbot/src/googleplex-android/openjdk/out/hotspot/src/share/vm/prims/jni.cpp, line 1615]
Event: 107.742 Thread 0x00007f9a45213800 Exception <a 'java/lang/NoSuchMethodError': <clinit>> (0x000000079784ff98) thrown at [/Volumes/Android/buildbot/src/googleplex-android/openjdk/out/hotspot/src/share/vm/prims/jni.cpp, line 1615]
Event: 107.746 Thread 0x00007f9a45213800 Exception <a 'java/lang/NoSuchMethodError': <clinit>> (0x00000007978817c0) thrown at [/Volumes/Android/buildbot/src/googleplex-android/openjdk/out/hotspot/src/share/vm/prims/jni.cpp, line 1615]
Event: 109.700 Thread 0x00007f9a49684800 Exception <a 'sun/nio/fs/UnixException'> (0x0000000798570c00) thrown at [/Volumes/Android/buildbot/src/googleplex-android/openjdk/out/hotspot/src/share/vm/prims/jni.cpp, line 710]
Event: 109.704 Thread 0x00007f9a49684800 Exception <a 'sun/nio/fs/UnixException'> (0x0000000798589c40) thrown at [/Volumes/Android/buildbot/src/googleplex-android/openjdk/out/hotspot/src/share/vm/prims/jni.cpp, line 710]
Event: 112.739 Thread 0x00007f9a45213800 JVM_StopThread thread JavaThread 0x00007f9a46f31000 as oop 0x00000007a36a4fd0 [exception 0x0000700004f04b48]

Events (10 events):
Event: 112.825 loading class java/rmi/server/RMIClassLoader done
Event: 112.825 loading class java/rmi/server/RMIClassLoader$2
Event: 112.825 loading class java/rmi/server/RMIClassLoaderSpi
Event: 112.825 loading class java/rmi/server/RMIClassLoaderSpi done
Event: 112.825 loading class java/rmi/server/RMIClassLoader$2 done
Event: 112.825 loading class java/rmi/server/RMIClassLoader$1
Event: 112.825 loading class java/rmi/server/RMIClassLoader$1 done
Event: 112.825 loading class sun/rmi/server/LoaderHandler
Event: 112.826 loading class sun/rmi/server/LoaderHandler done
Event: 112.826 Executing VM operation: CollectForMetadataAllocation


Dynamic libraries:
0x00007fff37a8f000 	/System/Library/Frameworks/Cocoa.framework/Versions/A/Cocoa
0x00007fff440d4000 	/System/Library/Frameworks/Security.framework/Versions/A/Security
0x00007fff366d0000 	/System/Library/Frameworks/ApplicationServices.framework/Versions/A/ApplicationServices
0x00007fff60087000 	/usr/lib/libz.1.dylib
0x00007fff5df39000 	/usr/lib/libSystem.B.dylib
0x00007fff38250000 	/System/Library/Frameworks/CoreFoundation.framework/Versions/A/CoreFoundation
0x00007fff3a3c9000 	/System/Library/Frameworks/Foundation.framework/Versions/C/Foundation
0x00007fff5f674000 	/usr/lib/libobjc.A.dylib
0x00007fff35820000 	/System/Library/Frameworks/AppKit.framework/Versions/C/AppKit
0x00007fff37e07000 	/System/Library/Frameworks/CoreData.framework/Versions/A/CoreData
0x00007fff577f0000 	/System/Library/PrivateFrameworks/RemoteViewServices.framework/Versions/A/RemoteViewServices
0x00007fff5bf6b000 	/System/Library/PrivateFrameworks/UIFoundation.framework/Versions/A/UIFoundation
0x00007fff4c5ea000 	/System/Library/PrivateFrameworks/DFRFoundation.framework/Versions/A/DFRFoundation
0x00007fff3ca38000 	/System/Library/Frameworks/Metal.framework/Versions/A/Metal
0x00007fff4c787000 	/System/Library/PrivateFrameworks/DesktopServicesPriv.framework/Versions/A/DesktopServicesPriv
0x00007fff5ebc1000 	/usr/lib/libenergytrace.dylib
0x00007fff59fd7000 	/System/Library/PrivateFrameworks/SkyLight.framework/Versions/A/SkyLight
0x00007fff386ec000 	/System/Library/Frameworks/CoreGraphics.framework/Versions/A/CoreGraphics
0x00007fff5df34000 	/usr/lib/libScreenReader.dylib
0x00007fff34532000 	/System/Library/Frameworks/Accelerate.framework/Versions/A/Accelerate
0x00007fff3ab43000 	/System/Library/Frameworks/IOSurface.framework/Versions/A/IOSurface
0x00007fff36c1a000 	/System/Library/Frameworks/AudioToolbox.framework/Versions/A/AudioToolbox
0x00007fff36eaa000 	/System/Library/Frameworks/AudioUnit.framework/Versions/A/AudioUnit
0x00007fff4c682000 	/System/Library/PrivateFrameworks/DataDetectorsCore.framework/Versions/A/DataDetectorsCore
0x00007fff37582000 	/System/Library/Frameworks/Carbon.framework/Versions/A/Frameworks/HIToolbox.framework/Versions/A/HIToolbox
0x00007fff5ed1b000 	/usr/lib/libicucore.A.dylib
0x00007fff43650000 	/System/Library/Frameworks/QuartzCore.framework/Versions/A/QuartzCore
0x00007fff59279000 	/System/Library/PrivateFrameworks/SignpostNotification.framework/Versions/A/SignpostNotification
0x00007fff37968000 	/System/Library/Frameworks/Carbon.framework/Versions/A/Frameworks/SpeechRecognition.framework/Versions/A/SpeechRecognition
0x00007fff5e117000 	/usr/lib/libauto.dylib
0x00007fff5ff76000 	/usr/lib/libxml2.2.dylib
0x00007fff4c23a000 	/System/Library/PrivateFrameworks/CoreUI.framework/Versions/A/CoreUI
0x00007fff37ce3000 	/System/Library/Frameworks/CoreAudio.framework/Versions/A/CoreAudio
0x00007fff3a203000 	/System/Library/Frameworks/DiskArbitration.framework/Versions/A/DiskArbitration
0x00007fff5ef8f000 	/usr/lib/liblangid.dylib
0x00007fff53cf7000 	/System/Library/PrivateFrameworks/MultitouchSupport.framework/Versions/A/MultitouchSupport
0x00007fff3aaa6000 	/System/Library/Frameworks/IOKit.framework/Versions/A/IOKit
0x00007fff5dbc3000 	/usr/lib/libDiagnosticMessagesClient.dylib
0x00007fff393e0000 	/System/Library/Frameworks/CoreServices.framework/Versions/A/CoreServices
0x00007fff5582c000 	/System/Library/PrivateFrameworks/PerformanceAnalysis.framework/Versions/A/PerformanceAnalysis
0x00007fff427f2000 	/System/Library/Frameworks/OpenGL.framework/Versions/A/OpenGL
0x00007fff37a9d000 	/System/Library/Frameworks/ColorSync.framework/Versions/A/ColorSync
0x00007fff38d1c000 	/System/Library/Frameworks/CoreImage.framework/Versions/A/CoreImage
0x00007fff39d71000 	/System/Library/Frameworks/CoreText.framework/Versions/A/CoreText
0x00007fff3aba1000 	/System/Library/Frameworks/ImageIO.framework/Versions/A/ImageIO
0x00007fff48ee6000 	/System/Library/PrivateFrameworks/Backup.framework/Versions/A/Backup
0x00007fff5dfe5000 	/usr/lib/libarchive.2.dylib
0x00007fff371cd000 	/System/Library/Frameworks/CFNetwork.framework/Versions/A/CFNetwork
0x00007fff44867000 	/System/Library/Frameworks/SystemConfiguration.framework/Versions/A/SystemConfiguration
0x00007fff5daec000 	/usr/lib/libCRFSuite.dylib
0x00007fff5e1f0000 	/usr/lib/libc++.1.dylib
0x00007fff5e247000 	/usr/lib/libc++abi.dylib
0x00007fff60135000 	/usr/lib/system/libcache.dylib
0x00007fff6013a000 	/usr/lib/system/libcommonCrypto.dylib
0x00007fff60145000 	/usr/lib/system/libcompiler_rt.dylib
0x00007fff6014d000 	/usr/lib/system/libcopyfile.dylib
0x00007fff60157000 	/usr/lib/system/libcorecrypto.dylib
0x00007fff60264000 	/usr/lib/system/libdispatch.dylib
0x00007fff6029e000 	/usr/lib/system/libdyld.dylib
0x00007fff602bc000 	/usr/lib/system/libkeymgr.dylib
0x00007fff602ca000 	/usr/lib/system/liblaunch.dylib
0x00007fff602cb000 	/usr/lib/system/libmacho.dylib
0x00007fff602d0000 	/usr/lib/system/libquarantine.dylib
0x00007fff602d3000 	/usr/lib/system/libremovefile.dylib
0x00007fff602d5000 	/usr/lib/system/libsystem_asl.dylib
0x00007fff602ed000 	/usr/lib/system/libsystem_blocks.dylib
0x00007fff602ee000 	/usr/lib/system/libsystem_c.dylib
0x00007fff60378000 	/usr/lib/system/libsystem_configuration.dylib
0x00007fff6037c000 	/usr/lib/system/libsystem_coreservices.dylib
0x00007fff60380000 	/usr/lib/system/libsystem_darwin.dylib
0x00007fff60382000 	/usr/lib/system/libsystem_dnssd.dylib
0x00007fff60389000 	/usr/lib/system/libsystem_info.dylib
0x00007fff603fa000 	/usr/lib/system/libsystem_m.dylib
0x00007fff60446000 	/usr/lib/system/libsystem_malloc.dylib
0x00007fff60466000 	/usr/lib/system/libsystem_network.dylib
0x00007fff60597000 	/usr/lib/system/libsystem_networkextension.dylib
0x00007fff605a2000 	/usr/lib/system/libsystem_notify.dylib
0x00007fff605c0000 	/usr/lib/system/libsystem_sandbox.dylib
0x00007fff605c4000 	/usr/lib/system/libsystem_secinit.dylib
0x00007fff603d3000 	/usr/lib/system/libsystem_kernel.dylib
0x00007fff605ac000 	/usr/lib/system/libsystem_platform.dylib
0x00007fff605b4000 	/usr/lib/system/libsystem_pthread.dylib
0x00007fff605c6000 	/usr/lib/system/libsystem_symptoms.dylib
0x00007fff605ce000 	/usr/lib/system/libsystem_trace.dylib
0x00007fff605e3000 	/usr/lib/system/libunwind.dylib
0x00007fff605e9000 	/usr/lib/system/libxpc.dylib
0x00007fff5d9ff000 	/usr/lib/closure/libclosured.dylib
0x00007fff5e1d1000 	/usr/lib/libbsm.0.dylib
0x00007fff602bd000 	/usr/lib/system/libkxld.dylib
0x00007fff5ddfd000 	/usr/lib/libOpenScriptingUtil.dylib
0x00007fff5e540000 	/usr/lib/libcoretls.dylib
0x00007fff5e559000 	/usr/lib/libcoretls_cfhelpers.dylib
0x00007fff5fa78000 	/usr/lib/libpam.2.dylib
0x00007fff5fb9f000 	/usr/lib/libsqlite3.dylib
0x00007fff5ff65000 	/usr/lib/libxar.1.dylib
0x00007fff5e1e2000 	/usr/lib/libbz2.1.0.dylib
0x00007fff5ef91000 	/usr/lib/liblzma.5.dylib
0x00007fff5f472000 	/usr/lib/libnetwork.dylib
0x00007fff5dfce000 	/usr/lib/libapple_nghttp2.dylib
0x00007fff5fa7f000 	/usr/lib/libpcap.A.dylib
0x00007fff5e118000 	/usr/lib/libboringssl.dylib
0x00007fff5ff00000 	/usr/lib/libusrtcp.dylib
0x00007fff5dfcd000 	/usr/lib/libapple_crypto.dylib
0x00007fff39763000 	/System/Library/Frameworks/CoreServices.framework/Versions/A/Frameworks/FSEvents.framework/Versions/A/FSEvents
0x00007fff39456000 	/System/Library/Frameworks/CoreServices.framework/Versions/A/Frameworks/CarbonCore.framework/Versions/A/CarbonCore
0x00007fff3992b000 	/System/Library/Frameworks/CoreServices.framework/Versions/A/Frameworks/Metadata.framework/Versions/A/Metadata
0x00007fff399dc000 	/System/Library/Frameworks/CoreServices.framework/Versions/A/Frameworks/OSServices.framework/Versions/A/OSServices
0x00007fff39a3d000 	/System/Library/Frameworks/CoreServices.framework/Versions/A/Frameworks/SearchKit.framework/Versions/A/SearchKit
0x00007fff393e1000 	/System/Library/Frameworks/CoreServices.framework/Versions/A/Frameworks/AE.framework/Versions/A/AE
0x00007fff3976c000 	/System/Library/Frameworks/CoreServices.framework/Versions/A/Frameworks/LaunchServices.framework/Versions/A/LaunchServices
0x00007fff3972e000 	/System/Library/Frameworks/CoreServices.framework/Versions/A/Frameworks/DictionaryServices.framework/Versions/A/DictionaryServices
0x00007fff39aac000 	/System/Library/Frameworks/CoreServices.framework/Versions/A/Frameworks/SharedFileList.framework/Versions/A/SharedFileList
0x00007fff3dc6e000 	/System/Library/Frameworks/NetFS.framework/Versions/A/NetFS
0x00007fff53f88000 	/System/Library/PrivateFrameworks/NetAuth.framework/Versions/A/NetAuth
0x00007fff5d896000 	/System/Library/PrivateFrameworks/login.framework/Versions/A/Frameworks/loginsupport.framework/Versions/A/loginsupport
0x00007fff5bbe8000 	/System/Library/PrivateFrameworks/TCC.framework/Versions/A/TCC
0x00007fff5f072000 	/usr/lib/libmecabra.dylib
0x00007fff366d1000 	/System/Library/Frameworks/ApplicationServices.framework/Versions/A/Frameworks/ATS.framework/Versions/A/ATS
0x00007fff36a7f000 	/System/Library/Frameworks/ApplicationServices.framework/Versions/A/Frameworks/ColorSyncLegacy.framework/Versions/A/ColorSyncLegacy
0x00007fff36b23000 	/System/Library/Frameworks/ApplicationServices.framework/Versions/A/Frameworks/HIServices.framework/Versions/A/HIServices
0x00007fff36b76000 	/System/Library/Frameworks/ApplicationServices.framework/Versions/A/Frameworks/LangAnalysis.framework/Versions/A/LangAnalysis
0x00007fff36b85000 	/System/Library/Frameworks/ApplicationServices.framework/Versions/A/Frameworks/PrintCore.framework/Versions/A/PrintCore
0x00007fff36bd2000 	/System/Library/Frameworks/ApplicationServices.framework/Versions/A/Frameworks/QD.framework/Versions/A/QD
0x00007fff36c0d000 	/System/Library/Frameworks/ApplicationServices.framework/Versions/A/Frameworks/SpeechSynthesis.framework/Versions/A/SpeechSynthesis
0x00007fff3816c000 	/System/Library/Frameworks/CoreDisplay.framework/Versions/A/CoreDisplay
0x00007fff3454b000 	/System/Library/Frameworks/Accelerate.framework/Versions/A/Frameworks/vImage.framework/Versions/A/vImage
0x00007fff3552c000 	/System/Library/Frameworks/Accelerate.framework/Versions/A/Frameworks/vecLib.framework/Versions/A/vecLib
0x00007fff35301000 	/System/Library/Frameworks/Accelerate.framework/Versions/A/Frameworks/vecLib.framework/Versions/A/libvDSP.dylib
0x00007fff34e3b000 	/System/Library/Frameworks/Accelerate.framework/Versions/A/Frameworks/vecLib.framework/Versions/A/libBNNS.dylib
0x00007fff35267000 	/System/Library/Frameworks/Accelerate.framework/Versions/A/Frameworks/vecLib.framework/Versions/A/libQuadrature.dylib
0x00007fff35475000 	/System/Library/Frameworks/Accelerate.framework/Versions/A/Frameworks/vecLib.framework/Versions/A/libvMisc.dylib
0x00007fff34e76000 	/System/Library/Frameworks/Accelerate.framework/Versions/A/Frameworks/vecLib.framework/Versions/A/libLAPACK.dylib
0x00007fff34c9a000 	/System/Library/Frameworks/Accelerate.framework/Versions/A/Frameworks/vecLib.framework/Versions/A/libBLAS.dylib
0x00007fff35250000 	/System/Library/Frameworks/Accelerate.framework/Versions/A/Frameworks/vecLib.framework/Versions/A/libLinearAlgebra.dylib
0x00007fff3526d000 	/System/Library/Frameworks/Accelerate.framework/Versions/A/Frameworks/vecLib.framework/Versions/A/libSparse.dylib
0x00007fff352ee000 	/System/Library/Frameworks/Accelerate.framework/Versions/A/Frameworks/vecLib.framework/Versions/A/libSparseBLAS.dylib
0x00007fff50dc7000 	/System/Library/PrivateFrameworks/GPUWrangler.framework/Versions/A/GPUWrangler
0x00007fff52558000 	/System/Library/PrivateFrameworks/IOAccelerator.framework/Versions/A/IOAccelerator
0x00007fff52563000 	/System/Library/PrivateFrameworks/IOPresentment.framework/Versions/A/IOPresentment
0x00007fff4c5fc000 	/System/Library/PrivateFrameworks/DSExternalDisplay.framework/Versions/A/DSExternalDisplay
0x00007fff41c71000 	/System/Library/Frameworks/OpenGL.framework/Versions/A/Libraries/libCoreFSCache.dylib
0x00007fff39ec2000 	/System/Library/Frameworks/CoreVideo.framework/Versions/A/CoreVideo
0x00007fff51b42000 	/System/Library/PrivateFrameworks/GraphVisualizer.framework/Versions/A/GraphVisualizer
0x00007fff3cc6f000 	/System/Library/Frameworks/MetalPerformanceShaders.framework/Versions/A/MetalPerformanceShaders
0x00007fff5dbfb000 	/usr/lib/libFosl_dynamic.dylib
0x00007fff4d6d1000 	/System/Library/PrivateFrameworks/FaceCore.framework/Versions/A/FaceCore
0x00007fff40a6c000 	/System/Library/Frameworks/OpenCL.framework/Versions/A/OpenCL
0x00007fff5e27e000 	/usr/lib/libcompression.dylib
0x00007fff367d0000 	/System/Library/Frameworks/ApplicationServices.framework/Versions/A/Frameworks/ATS.framework/Versions/A/Resources/libFontParser.dylib
0x00007fff368f3000 	/System/Library/Frameworks/ApplicationServices.framework/Versions/A/Frameworks/ATS.framework/Versions/A/Resources/libFontRegistry.dylib
0x00007fff3ae0c000 	/System/Library/Frameworks/ImageIO.framework/Versions/A/Resources/libJPEG.dylib
0x00007fff3b136000 	/System/Library/Frameworks/ImageIO.framework/Versions/A/Resources/libTIFF.dylib
0x00007fff3b10c000 	/System/Library/Frameworks/ImageIO.framework/Versions/A/Resources/libPng.dylib
0x00007fff3ad1f000 	/System/Library/Frameworks/ImageIO.framework/Versions/A/Resources/libGIF.dylib
0x00007fff3ad24000 	/System/Library/Frameworks/ImageIO.framework/Versions/A/Resources/libJP2.dylib
0x00007fff3b133000 	/System/Library/Frameworks/ImageIO.framework/Versions/A/Resources/libRadiance.dylib
0x00007fff48610000 	/System/Library/PrivateFrameworks/AppleJPEG.framework/Versions/A/AppleJPEG
0x00007fff3cad6000 	/System/Library/Frameworks/MetalPerformanceShaders.framework/Frameworks/MPSCore.framework/Versions/A/MPSCore
0x00007fff3caf2000 	/System/Library/Frameworks/MetalPerformanceShaders.framework/Frameworks/MPSImage.framework/Versions/A/MPSImage
0x00007fff3cb87000 	/System/Library/Frameworks/MetalPerformanceShaders.framework/Frameworks/MPSNeuralNetwork.framework/Versions/A/MPSNeuralNetwork
0x00007fff3cb62000 	/System/Library/Frameworks/MetalPerformanceShaders.framework/Frameworks/MPSMatrix.framework/Versions/A/MPSMatrix
0x00007fff53a59000 	/System/Library/PrivateFrameworks/MetalTools.framework/Versions/A/MetalTools
0x00007fff41e3c000 	/System/Library/Frameworks/OpenGL.framework/Versions/A/Libraries/libGLU.dylib
0x00007fff41c7c000 	/System/Library/Frameworks/OpenGL.framework/Versions/A/Libraries/libGFXShared.dylib
0x00007fff41c86000 	/System/Library/Frameworks/OpenGL.framework/Versions/A/Libraries/libGL.dylib
0x00007fff41c92000 	/System/Library/Frameworks/OpenGL.framework/Versions/A/Libraries/libGLImage.dylib
0x00007fff41c6e000 	/System/Library/Frameworks/OpenGL.framework/Versions/A/Libraries/libCVMSPluginSupport.dylib
0x00007fff41c77000 	/System/Library/Frameworks/OpenGL.framework/Versions/A/Libraries/libCoreVMClient.dylib
0x00007fff5ea2b000 	/usr/lib/libcups.2.dylib
0x00007fff3c03d000 	/System/Library/Frameworks/Kerberos.framework/Versions/A/Kerberos
0x00007fff3a800000 	/System/Library/Frameworks/GSS.framework/Versions/A/GSS
0x00007fff5fb32000 	/usr/lib/libresolv.9.dylib
0x00007fff5ec29000 	/usr/lib/libiconv.2.dylib
0x00007fff51bd4000 	/System/Library/PrivateFrameworks/Heimdal.framework/Versions/A/Heimdal
0x00007fff5ebf8000 	/usr/lib/libheimdal-asn1.dylib
0x00007fff40ae4000 	/System/Library/Frameworks/OpenDirectory.framework/Versions/A/OpenDirectory
0x00007fff4a927000 	/System/Library/PrivateFrameworks/CommonAuth.framework/Versions/A/CommonAuth
0x00007fff40ac7000 	/System/Library/Frameworks/OpenDirectory.framework/Versions/A/Frameworks/CFOpenDirectory.framework/Versions/A/CFOpenDirectory
0x00007fff44400000 	/System/Library/Frameworks/SecurityFoundation.framework/Versions/A/SecurityFoundation
0x00007fff477d4000 	/System/Library/PrivateFrameworks/APFS.framework/Versions/A/APFS
0x00007fff5ff61000 	/usr/lib/libutil.dylib
0x00007fff48693000 	/System/Library/PrivateFrameworks/AppleSauce.framework/Versions/A/AppleSauce
0x00007fff52d40000 	/System/Library/PrivateFrameworks/LinguisticData.framework/Versions/A/LinguisticData
0x00007fff5efab000 	/usr/lib/libmarisa.dylib
0x00007fff52cfa000 	/System/Library/PrivateFrameworks/Lexicon.framework/Versions/A/Lexicon
0x00007fff5db26000 	/usr/lib/libChineseTokenizer.dylib
0x00007fff5e26d000 	/usr/lib/libcmph.dylib
0x00007fff52c04000 	/System/Library/PrivateFrameworks/LanguageModeling.framework/Versions/A/LanguageModeling
0x00007fff4b444000 	/System/Library/PrivateFrameworks/CoreEmoji.framework/Versions/A/CoreEmoji
0x00007fff444be000 	/System/Library/Frameworks/ServiceManagement.framework/Versions/A/ServiceManagement
0x00007fff48ede000 	/System/Library/PrivateFrameworks/BackgroundTaskManagement.framework/Versions/A/BackgroundTaskManagement
0x00007fff6005e000 	/usr/lib/libxslt.1.dylib
0x00007fff37892000 	/System/Library/Frameworks/Carbon.framework/Versions/A/Frameworks/Ink.framework/Versions/A/Ink
0x00007fff5bdfd000 	/System/Library/PrivateFrameworks/TextureIO.framework/Versions/A/TextureIO
0x00007fff5e010000 	/usr/lib/libate.dylib
0x00007fff4c55b000 	/System/Library/PrivateFrameworks/CrashReporterSupport.framework/Versions/A/CrashReporterSupport
0x00007fff59139000 	/System/Library/PrivateFrameworks/Sharing.framework/Versions/A/Sharing
0x00007fff52945000 	/System/Library/PrivateFrameworks/IconServices.framework/Versions/A/IconServices
0x00007fff48b0e000 	/System/Library/PrivateFrameworks/AuthKit.framework/Versions/A/AuthKit
0x00007fff48493000 	/System/Library/PrivateFrameworks/Apple80211.framework/Versions/A/Apple80211
0x00007fff4c370000 	/System/Library/PrivateFrameworks/CoreUtils.framework/Versions/A/CoreUtils
0x00007fff39efd000 	/System/Library/Frameworks/CoreWLAN.framework/Versions/A/CoreWLAN
0x00007fff3a942000 	/System/Library/Frameworks/IOBluetooth.framework/Versions/A/IOBluetooth
0x00007fff575fb000 	/System/Library/PrivateFrameworks/ProtocolBuffer.framework/Versions/A/ProtocolBuffer
0x00007fff53c52000 	/System/Library/PrivateFrameworks/MobileKeyBag.framework/Versions/A/MobileKeyBag
0x00007fff4bbe8000 	/System/Library/PrivateFrameworks/CorePhoneNumbers.framework/Versions/A/CorePhoneNumbers
0x00007fff485cb000 	/System/Library/PrivateFrameworks/AppleIDAuthSupport.framework/Versions/A/AppleIDAuthSupport
0x00007fff52bf0000 	/System/Library/PrivateFrameworks/KeychainCircle.framework/Versions/A/KeychainCircle
0x00007fff4c4f6000 	/System/Library/PrivateFrameworks/CoreWiFi.framework/Versions/A/CoreWiFi
0x00007fff37ddd000 	/System/Library/Frameworks/CoreBluetooth.framework/Versions/A/CoreBluetooth
0x00007fff4c746000 	/System/Library/PrivateFrameworks/DebugSymbols.framework/Versions/A/DebugSymbols
0x00007fff4c126000 	/System/Library/PrivateFrameworks/CoreSymbolication.framework/Versions/A/CoreSymbolication
0x00007fff5b5ef000 	/System/Library/PrivateFrameworks/Symbolication.framework/Versions/A/Symbolication
0x00007fff484bd000 	/System/Library/PrivateFrameworks/AppleFSCompression.framework/Versions/A/AppleFSCompression
0x00007fff5aa3c000 	/System/Library/PrivateFrameworks/SpeechRecognitionCore.framework/Versions/A/SpeechRecognitionCore
0x0000000105200000 	/Applications/Android Studio.app/Contents/jre/jdk/Contents/Home/jre/lib/server/libjvm.dylib
0x00007fff5fe2e000 	/usr/lib/libstdc++.6.0.9.dylib
0x00000001049c1000 	/Applications/Android Studio.app/Contents/jre/jdk/Contents/Home/jre/lib/libverify.dylib
0x00000001060b8000 	/Applications/Android Studio.app/Contents/jre/jdk/Contents/Home/jre/lib/libjava.dylib
0x00000001049dd000 	/Applications/Android Studio.app/Contents/jre/jdk/Contents/Home/jre/lib/libzip.dylib
0x000000011bb53000 	/Applications/Android Studio.app/Contents/jre/jdk/Contents/Home/jre/lib/libnio.dylib
0x000000011bb6e000 	/Applications/Android Studio.app/Contents/jre/jdk/Contents/Home/jre/lib/./libnet.dylib
0x000000011be4f000 	/Users/ricardosousa/.gradle/native/30/osx-amd64/libnative-platform.dylib
0x000000011c74c000 	/Applications/Android Studio.app/Contents/jre/jdk/Contents/Home/jre/lib/libmanagement.dylib
0x000000011d854000 	/Applications/Android Studio.app/Contents/jre/jdk/Contents/Home/jre/lib/libsunec.dylib
0x000000011c39f000 	/private/var/folders/dn/3g5g45c52d17pgjj93zd_f2c0000gn/T/native-platform5139598784027657004dir/libnative-platform.dylib

VM Arguments:
jvm_args: -Xmx2048m -Dfile.encoding=UTF-8 -Duser.country=BR -Duser.language=pt -Duser.variant 
java_command: org.gradle.launcher.daemon.bootstrap.GradleDaemon 5.6.4
java_class_path (initial): /Users/ricardosousa/.gradle/wrapper/dists/gradle-5.6.4-all/ankdp27end7byghfw1q2sw75f/gradle-5.6.4/lib/gradle-launcher-5.6.4.jar
Launcher Type: SUN_STANDARD

Environment Variables:
PATH=/opt/local/bin:/opt/local/sbin:/usr/local/bin:/usr/bin:/bin:/usr/sbin:/sbin:/usr/local/MacGPG2/bin
SHELL=/bin/bash

Signal Handlers:
SIGSEGV: [libjvm.dylib+0x565c43], sa_mask[0]=11111111011111110111111111111111, sa_flags=SA_ONSTACK|SA_RESTART|SA_SIGINFO
SIGBUS: [libjvm.dylib+0x565c43], sa_mask[0]=11111111011111110111111111111111, sa_flags=SA_RESTART|SA_SIGINFO
SIGFPE: [libjvm.dylib+0x45dd9d], sa_mask[0]=11111111011111110111111111111111, sa_flags=SA_RESTART|SA_SIGINFO
SIGPIPE: [libjvm.dylib+0x45dd9d], sa_mask[0]=11111111011111110111111111111111, sa_flags=SA_RESTART|SA_SIGINFO
SIGXFSZ: [libjvm.dylib+0x45dd9d], sa_mask[0]=11111111011111110111111111111111, sa_flags=SA_RESTART|SA_SIGINFO
SIGILL: [libjvm.dylib+0x45dd9d], sa_mask[0]=11111111011111110111111111111111, sa_flags=SA_RESTART|SA_SIGINFO
SIGUSR1: SIG_DFL, sa_mask[0]=00000000000000000000000000000000, sa_flags=none
SIGUSR2: [libjvm.dylib+0x45e69c], sa_mask[0]=00100000000000000000000000000000, sa_flags=SA_RESTART|SA_SIGINFO
SIGHUP: [libjvm.dylib+0x45c8c1], sa_mask[0]=11111111011111110111111111111111, sa_flags=SA_RESTART|SA_SIGINFO
SIGINT: [libjvm.dylib+0x45c8c1], sa_mask[0]=11111111011111110111111111111111, sa_flags=SA_RESTART|SA_SIGINFO
SIGTERM: [libjvm.dylib+0x45c8c1], sa_mask[0]=11111111011111110111111111111111, sa_flags=SA_RESTART|SA_SIGINFO
SIGQUIT: [libjvm.dylib+0x45c8c1], sa_mask[0]=11111111011111110111111111111111, sa_flags=SA_RESTART|SA_SIGINFO


---------------  S Y S T E M  ---------------

OS:Bsduname:Darwin 17.7.0 Darwin Kernel Version 17.7.0: Wed Feb 27 00:43:23 PST 2019; root:xnu-4570.71.35~1/RELEASE_X86_64 x86_64
rlimit: STACK 8192k, CORE 0k, NPROC 709, NOFILE 10240, AS infinity
load average:7.73 16.11 17.18

CPU:total 4 (initial active 4) (2 cores per cpu, 2 threads per core) family 6 model 42 stepping 7, cmov, cx8, fxsr, mmx, sse, sse2, sse3, ssse3, sse4.1, sse4.2, popcnt, avx, aes, clmul, ht, tsc, tscinvbit

Memory: 4k page, physical 8388608k(48700k free)

/proc/meminfo:


vm_info: OpenJDK 64-Bit Server VM (25.242-b3-6222593) for bsd-amd64 JRE (1.8.0_242-release-1644-b3-6222593), built by "android-build" with gcc 4.2.1 Compatible Android (5484270 based on r353983c) Clang 9.0.3 (https://android.googlesource.com/toolchain/clang 745b335211bb9eadfa6aa6301f84715cee4b37c5) (https://android.googlesource.com/toolchain/llvm 60cf23e54e46c807513f7a36d0a7b777920b5881)

time: Wed Aug 19 09:22:44 2020
timezone: -03
elapsed time: 113 seconds (0d 0h 1m 53s)

